INFO 2025-12-08 12:52:32,269 Starting rates update...
INFO 2025-12-08 12:52:32,269 Fetching from CoinGecko...
INFO 2025-12-08 12:52:32,750 Fetching from CoinGecko OK (3 rates)
INFO 2025-12-08 12:52:32,750 Fetching from ExchangeRate-API...
INFO 2025-12-08 12:52:33,153 Fetching from ExchangeRate-API OK (0 rates)
INFO 2025-12-08 12:52:33,154 Writing 3 rates to data/rates.json
INFO 2025-12-08 12:52:33,154 Update successful.
INFO 2025-12-08 12:56:20,481 Starting rates update...
INFO 2025-12-08 12:56:20,481 Fetching from CoinGecko...
INFO 2025-12-08 12:56:26,083 Fetching from CoinGecko OK (3 rates)
INFO 2025-12-08 12:56:26,083 Fetching from ExchangeRate-API...
INFO 2025-12-08 12:56:26,664 Fetching from ExchangeRate-API OK (0 rates)
INFO 2025-12-08 12:56:26,665 Writing 3 rates to data/rates.json
INFO 2025-12-08 12:56:26,665 Update successful.
INFO 2025-12-08 13:04:04,101 Starting rates update...
INFO 2025-12-08 13:04:04,101 Fetching from CoinGecko...
INFO 2025-12-08 13:04:06,937 Fetching from CoinGecko OK (3 rates)
INFO 2025-12-08 13:04:06,937 Fetching from ExchangeRate-API...
INFO 2025-12-08 13:04:07,374 Fetching from ExchangeRate-API OK (2 rates)
INFO 2025-12-08 13:04:07,375 Writing 5 rates to data/rates.json
INFO 2025-12-08 13:04:07,375 Update successful.
